2017-11-07 23:19:00,127 INFO 9159 [egg:logger] init all loggers with options: {"dir":"/Users/pftom/Projects/Node/egg-example2/logs/egg-example2","encoding":"utf8","env":"unittest","level":"INFO","consoleLevel":"WARN","disableConsoleAfterReady":false,"outputJSON":false,"buffer":false,"appLogName":"egg-example2-web.log","coreLogName":"egg-web.log","agentLogName":"egg-agent.log","errorLogName":"common-error.log","coreLogger":{},"allowDebugAtProd":true,"type":"application"}
2017-11-07 23:19:00,133 INFO 9159 [egg-schedule]: register schedule /Users/pftom/Projects/Node/egg-example2/node_modules/egg-logrotator/app/schedule/clean_log.js
2017-11-07 23:19:00,133 INFO 9159 [egg-schedule]: register schedule /Users/pftom/Projects/Node/egg-example2/node_modules/egg-logrotator/app/schedule/rotate_by_file.js
2017-11-07 23:19:00,168 INFO 9159 [egg-static] starting static serve /public/ -> /Users/pftom/Projects/Node/egg-example2/app/public
2017-11-07 23:19:00,171 INFO 9159 [egg-security] use csrf middleware
2017-11-07 23:19:00,171 INFO 9159 [egg-security] use methodnoallow middleware
2017-11-07 23:19:00,172 INFO 9159 [egg-security] use noopen middleware
2017-11-07 23:19:00,172 INFO 9159 [egg-security] use nosniff middleware
2017-11-07 23:19:00,176 INFO 9159 [egg-security] use xssProtection middleware
2017-11-07 23:19:00,177 INFO 9159 [egg-security] use xframe middleware
2017-11-07 23:19:00,177 INFO 9159 [egg-security] use dta middleware
2017-11-07 23:19:00,177 INFO 9159 [egg-security] compose 7 middlewares into one security middleware
2017-11-07 23:19:00,196 INFO 9159 [egg-watcher:app] watcher start success
2017-11-08 22:07:00,882 INFO 8390 [egg:logger] init all loggers with options: {"dir":"/Users/pftom/Projects/Node/egg-example2/logs/egg-example2","encoding":"utf8","env":"local","level":"INFO","consoleLevel":"INFO","disableConsoleAfterReady":false,"outputJSON":false,"buffer":true,"appLogName":"egg-example2-web.log","coreLogName":"egg-web.log","agentLogName":"egg-agent.log","errorLogName":"common-error.log","coreLogger":{"consoleLevel":"WARN"},"allowDebugAtProd":true,"type":"application"}
2017-11-08 22:07:00,904 INFO 8390 [egg-schedule]: register schedule /Users/pftom/Projects/Node/egg-example2/node_modules/egg-logrotator/app/schedule/clean_log.js
2017-11-08 22:07:00,904 INFO 8390 [egg-schedule]: register schedule /Users/pftom/Projects/Node/egg-example2/node_modules/egg-logrotator/app/schedule/rotate_by_file.js
2017-11-08 22:07:00,936 INFO 8390 [egg-static] starting static serve /public/ -> /Users/pftom/Projects/Node/egg-example2/app/public
2017-11-08 22:07:00,939 INFO 8390 [egg-security] use csrf middleware
2017-11-08 22:07:00,940 INFO 8390 [egg-security] use methodnoallow middleware
2017-11-08 22:07:00,940 INFO 8390 [egg-security] use noopen middleware
2017-11-08 22:07:00,940 INFO 8390 [egg-security] use nosniff middleware
2017-11-08 22:07:00,941 INFO 8390 [egg-security] use xssProtection middleware
2017-11-08 22:07:00,941 INFO 8390 [egg-security] use xframe middleware
2017-11-08 22:07:00,941 INFO 8390 [egg-security] use dta middleware
2017-11-08 22:07:00,941 INFO 8390 [egg-security] compose 7 middlewares into one security middleware
2017-11-08 22:07:00,971 INFO 8390 [egg-watcher:app] watcher start success
2017-11-08 22:11:24,020 INFO 8871 [egg:logger] init all loggers with options: {"dir":"/Users/pftom/Projects/Node/egg-example2/logs/egg-example2","encoding":"utf8","env":"local","level":"INFO","consoleLevel":"INFO","disableConsoleAfterReady":false,"outputJSON":false,"buffer":true,"appLogName":"egg-example2-web.log","coreLogName":"egg-web.log","agentLogName":"egg-agent.log","errorLogName":"common-error.log","coreLogger":{"consoleLevel":"WARN"},"allowDebugAtProd":true,"type":"application"}
2017-11-08 22:11:24,053 INFO 8871 [egg-schedule]: register schedule /Users/pftom/Projects/Node/egg-example2/node_modules/egg-logrotator/app/schedule/clean_log.js
2017-11-08 22:11:24,053 INFO 8871 [egg-schedule]: register schedule /Users/pftom/Projects/Node/egg-example2/node_modules/egg-logrotator/app/schedule/rotate_by_file.js
2017-11-08 22:11:24,108 INFO 8871 [egg-static] starting static serve /public/ -> /Users/pftom/Projects/Node/egg-example2/app/public
2017-11-08 22:11:24,113 INFO 8871 [egg-security] use methodnoallow middleware
2017-11-08 22:11:24,113 INFO 8871 [egg-security] use noopen middleware
2017-11-08 22:11:24,114 INFO 8871 [egg-security] use nosniff middleware
2017-11-08 22:11:24,115 INFO 8871 [egg-security] use xssProtection middleware
2017-11-08 22:11:24,116 INFO 8871 [egg-security] use xframe middleware
2017-11-08 22:11:24,117 INFO 8871 [egg-security] use dta middleware
2017-11-08 22:11:24,117 INFO 8871 [egg-security] compose 6 middlewares into one security middleware
2017-11-08 22:11:24,154 INFO 8871 [egg-watcher:app] watcher start success
2017-11-08 22:11:49,298 INFO 8881 [egg:logger] init all loggers with options: {"dir":"/Users/pftom/Projects/Node/egg-example2/logs/egg-example2","encoding":"utf8","env":"local","level":"INFO","consoleLevel":"INFO","disableConsoleAfterReady":false,"outputJSON":false,"buffer":true,"appLogName":"egg-example2-web.log","coreLogName":"egg-web.log","agentLogName":"egg-agent.log","errorLogName":"common-error.log","coreLogger":{"consoleLevel":"WARN"},"allowDebugAtProd":true,"type":"application"}
2017-11-08 22:11:49,333 INFO 8881 [egg-schedule]: register schedule /Users/pftom/Projects/Node/egg-example2/node_modules/egg-logrotator/app/schedule/clean_log.js
2017-11-08 22:11:49,333 INFO 8881 [egg-schedule]: register schedule /Users/pftom/Projects/Node/egg-example2/node_modules/egg-logrotator/app/schedule/rotate_by_file.js
2017-11-08 22:11:49,388 INFO 8881 [egg-static] starting static serve /public/ -> /Users/pftom/Projects/Node/egg-example2/app/public
2017-11-08 22:11:49,393 INFO 8881 [egg-security] use methodnoallow middleware
2017-11-08 22:11:49,394 INFO 8881 [egg-security] use noopen middleware
2017-11-08 22:11:49,395 INFO 8881 [egg-security] use nosniff middleware
2017-11-08 22:11:49,396 INFO 8881 [egg-security] use xssProtection middleware
2017-11-08 22:11:49,396 INFO 8881 [egg-security] use xframe middleware
2017-11-08 22:11:49,397 INFO 8881 [egg-security] use dta middleware
2017-11-08 22:11:49,397 INFO 8881 [egg-security] compose 6 middlewares into one security middleware
2017-11-08 22:11:49,435 INFO 8881 [egg-watcher:app] watcher start success
2017-11-08 22:11:57,220 INFO 8883 [egg:logger] init all loggers with options: {"dir":"/Users/pftom/Projects/Node/egg-example2/logs/egg-example2","encoding":"utf8","env":"local","level":"INFO","consoleLevel":"INFO","disableConsoleAfterReady":false,"outputJSON":false,"buffer":true,"appLogName":"egg-example2-web.log","coreLogName":"egg-web.log","agentLogName":"egg-agent.log","errorLogName":"common-error.log","coreLogger":{"consoleLevel":"WARN"},"allowDebugAtProd":true,"type":"application"}
2017-11-08 22:11:57,252 INFO 8883 [egg-schedule]: register schedule /Users/pftom/Projects/Node/egg-example2/node_modules/egg-logrotator/app/schedule/clean_log.js
2017-11-08 22:11:57,252 INFO 8883 [egg-schedule]: register schedule /Users/pftom/Projects/Node/egg-example2/node_modules/egg-logrotator/app/schedule/rotate_by_file.js
2017-11-08 22:11:57,300 INFO 8883 [egg-static] starting static serve /public/ -> /Users/pftom/Projects/Node/egg-example2/app/public
2017-11-08 22:11:57,303 INFO 8883 [egg-security] use methodnoallow middleware
2017-11-08 22:11:57,304 INFO 8883 [egg-security] use noopen middleware
2017-11-08 22:11:57,304 INFO 8883 [egg-security] use nosniff middleware
2017-11-08 22:11:57,305 INFO 8883 [egg-security] use xssProtection middleware
2017-11-08 22:11:57,306 INFO 8883 [egg-security] use xframe middleware
2017-11-08 22:11:57,306 INFO 8883 [egg-security] use dta middleware
2017-11-08 22:11:57,306 INFO 8883 [egg-security] compose 6 middlewares into one security middleware
2017-11-08 22:11:57,342 INFO 8883 [egg-watcher:app] watcher start success
2017-11-08 22:14:01,384 INFO 8889 [egg:logger] init all loggers with options: {"dir":"/Users/pftom/Projects/Node/egg-example2/logs/egg-example2","encoding":"utf8","env":"local","level":"INFO","consoleLevel":"INFO","disableConsoleAfterReady":false,"outputJSON":false,"buffer":true,"appLogName":"egg-example2-web.log","coreLogName":"egg-web.log","agentLogName":"egg-agent.log","errorLogName":"common-error.log","coreLogger":{"consoleLevel":"WARN"},"allowDebugAtProd":true,"type":"application"}
2017-11-08 22:14:01,421 INFO 8889 [egg-schedule]: register schedule /Users/pftom/Projects/Node/egg-example2/node_modules/egg-logrotator/app/schedule/clean_log.js
2017-11-08 22:14:01,422 INFO 8889 [egg-schedule]: register schedule /Users/pftom/Projects/Node/egg-example2/node_modules/egg-logrotator/app/schedule/rotate_by_file.js
2017-11-08 22:14:01,485 INFO 8889 [egg-static] starting static serve /public/ -> /Users/pftom/Projects/Node/egg-example2/app/public
2017-11-08 22:14:01,489 INFO 8889 [egg-security] use methodnoallow middleware
2017-11-08 22:14:01,490 INFO 8889 [egg-security] use noopen middleware
2017-11-08 22:14:01,492 INFO 8889 [egg-security] use nosniff middleware
2017-11-08 22:14:01,494 INFO 8889 [egg-security] use xssProtection middleware
2017-11-08 22:14:01,495 INFO 8889 [egg-security] use xframe middleware
2017-11-08 22:14:01,497 INFO 8889 [egg-security] use dta middleware
2017-11-08 22:14:01,497 INFO 8889 [egg-security] compose 6 middlewares into one security middleware
2017-11-08 22:14:01,551 INFO 8889 [egg-watcher:app] watcher start success
2017-11-08 22:19:18,291 INFO 8900 [egg:logger] init all loggers with options: {"dir":"/Users/pftom/Projects/Node/egg-example2/logs/egg-example2","encoding":"utf8","env":"local","level":"INFO","consoleLevel":"INFO","disableConsoleAfterReady":false,"outputJSON":false,"buffer":true,"appLogName":"egg-example2-web.log","coreLogName":"egg-web.log","agentLogName":"egg-agent.log","errorLogName":"common-error.log","coreLogger":{"consoleLevel":"WARN"},"allowDebugAtProd":true,"type":"application"}
2017-11-08 22:19:18,319 INFO 8900 [egg-schedule]: register schedule /Users/pftom/Projects/Node/egg-example2/node_modules/egg-logrotator/app/schedule/clean_log.js
2017-11-08 22:19:18,319 INFO 8900 [egg-schedule]: register schedule /Users/pftom/Projects/Node/egg-example2/node_modules/egg-logrotator/app/schedule/rotate_by_file.js
2017-11-08 22:19:18,364 INFO 8900 [egg-static] starting static serve /public/ -> /Users/pftom/Projects/Node/egg-example2/app/public
2017-11-08 22:19:18,367 INFO 8900 [egg-security] use methodnoallow middleware
2017-11-08 22:19:18,367 INFO 8900 [egg-security] use noopen middleware
2017-11-08 22:19:18,368 INFO 8900 [egg-security] use nosniff middleware
2017-11-08 22:19:18,370 INFO 8900 [egg-security] use xssProtection middleware
2017-11-08 22:19:18,370 INFO 8900 [egg-security] use xframe middleware
2017-11-08 22:19:18,371 INFO 8900 [egg-security] use dta middleware
2017-11-08 22:19:18,371 INFO 8900 [egg-security] compose 6 middlewares into one security middleware
2017-11-08 22:19:18,404 INFO 8900 [egg-watcher:app] watcher start success
2017-11-08 22:19:51,289 INFO 8910 [egg:logger] init all loggers with options: {"dir":"/Users/pftom/Projects/Node/egg-example2/logs/egg-example2","encoding":"utf8","env":"local","level":"INFO","consoleLevel":"INFO","disableConsoleAfterReady":false,"outputJSON":false,"buffer":true,"appLogName":"egg-example2-web.log","coreLogName":"egg-web.log","agentLogName":"egg-agent.log","errorLogName":"common-error.log","coreLogger":{"consoleLevel":"WARN"},"allowDebugAtProd":true,"type":"application"}
2017-11-08 22:19:51,322 INFO 8910 [egg-schedule]: register schedule /Users/pftom/Projects/Node/egg-example2/node_modules/egg-logrotator/app/schedule/clean_log.js
2017-11-08 22:19:51,322 INFO 8910 [egg-schedule]: register schedule /Users/pftom/Projects/Node/egg-example2/node_modules/egg-logrotator/app/schedule/rotate_by_file.js
2017-11-08 22:19:51,370 INFO 8910 [egg-static] starting static serve /public/ -> /Users/pftom/Projects/Node/egg-example2/app/public
2017-11-08 22:19:51,373 INFO 8910 [egg-security] use methodnoallow middleware
2017-11-08 22:19:51,374 INFO 8910 [egg-security] use noopen middleware
2017-11-08 22:19:51,374 INFO 8910 [egg-security] use nosniff middleware
2017-11-08 22:19:51,375 INFO 8910 [egg-security] use xssProtection middleware
2017-11-08 22:19:51,375 INFO 8910 [egg-security] use xframe middleware
2017-11-08 22:19:51,376 INFO 8910 [egg-security] use dta middleware
2017-11-08 22:19:51,376 INFO 8910 [egg-security] compose 6 middlewares into one security middleware
2017-11-08 22:19:51,408 INFO 8910 [egg-watcher:app] watcher start success
2017-11-08 22:20:54,319 INFO 8913 [egg:logger] init all loggers with options: {"dir":"/Users/pftom/Projects/Node/egg-example2/logs/egg-example2","encoding":"utf8","env":"local","level":"INFO","consoleLevel":"INFO","disableConsoleAfterReady":false,"outputJSON":false,"buffer":true,"appLogName":"egg-example2-web.log","coreLogName":"egg-web.log","agentLogName":"egg-agent.log","errorLogName":"common-error.log","coreLogger":{"consoleLevel":"WARN"},"allowDebugAtProd":true,"type":"application"}
2017-11-08 22:20:54,345 INFO 8913 [egg-schedule]: register schedule /Users/pftom/Projects/Node/egg-example2/node_modules/egg-logrotator/app/schedule/clean_log.js
2017-11-08 22:20:54,345 INFO 8913 [egg-schedule]: register schedule /Users/pftom/Projects/Node/egg-example2/node_modules/egg-logrotator/app/schedule/rotate_by_file.js
2017-11-08 22:20:54,385 INFO 8913 [egg-static] starting static serve /public/ -> /Users/pftom/Projects/Node/egg-example2/app/public
2017-11-08 22:20:54,388 INFO 8913 [egg-security] use methodnoallow middleware
2017-11-08 22:20:54,388 INFO 8913 [egg-security] use noopen middleware
2017-11-08 22:20:54,389 INFO 8913 [egg-security] use nosniff middleware
2017-11-08 22:20:54,389 INFO 8913 [egg-security] use xssProtection middleware
2017-11-08 22:20:54,390 INFO 8913 [egg-security] use xframe middleware
2017-11-08 22:20:54,390 INFO 8913 [egg-security] use dta middleware
2017-11-08 22:20:54,390 INFO 8913 [egg-security] compose 6 middlewares into one security middleware
2017-11-08 22:20:54,423 INFO 8913 [egg-watcher:app] watcher start success
2017-11-08 22:21:15,612 INFO 8914 [egg:logger] init all loggers with options: {"dir":"/Users/pftom/Projects/Node/egg-example2/logs/egg-example2","encoding":"utf8","env":"local","level":"INFO","consoleLevel":"INFO","disableConsoleAfterReady":false,"outputJSON":false,"buffer":true,"appLogName":"egg-example2-web.log","coreLogName":"egg-web.log","agentLogName":"egg-agent.log","errorLogName":"common-error.log","coreLogger":{"consoleLevel":"WARN"},"allowDebugAtProd":true,"type":"application"}
2017-11-08 22:21:15,644 INFO 8914 [egg-schedule]: register schedule /Users/pftom/Projects/Node/egg-example2/node_modules/egg-logrotator/app/schedule/clean_log.js
2017-11-08 22:21:15,645 INFO 8914 [egg-schedule]: register schedule /Users/pftom/Projects/Node/egg-example2/node_modules/egg-logrotator/app/schedule/rotate_by_file.js
2017-11-08 22:21:15,691 INFO 8914 [egg-static] starting static serve /public/ -> /Users/pftom/Projects/Node/egg-example2/app/public
2017-11-08 22:21:15,695 INFO 8914 [egg-security] use methodnoallow middleware
2017-11-08 22:21:15,695 INFO 8914 [egg-security] use noopen middleware
2017-11-08 22:21:15,696 INFO 8914 [egg-security] use nosniff middleware
2017-11-08 22:21:15,697 INFO 8914 [egg-security] use xssProtection middleware
2017-11-08 22:21:15,697 INFO 8914 [egg-security] use xframe middleware
2017-11-08 22:21:15,697 INFO 8914 [egg-security] use dta middleware
2017-11-08 22:21:15,697 INFO 8914 [egg-security] compose 6 middlewares into one security middleware
2017-11-08 22:21:15,731 INFO 8914 [egg-watcher:app] watcher start success
2017-11-08 22:22:35,698 INFO 8919 [egg:logger] init all loggers with options: {"dir":"/Users/pftom/Projects/Node/egg-example2/logs/egg-example2","encoding":"utf8","env":"local","level":"INFO","consoleLevel":"INFO","disableConsoleAfterReady":false,"outputJSON":false,"buffer":true,"appLogName":"egg-example2-web.log","coreLogName":"egg-web.log","agentLogName":"egg-agent.log","errorLogName":"common-error.log","coreLogger":{"consoleLevel":"WARN"},"allowDebugAtProd":true,"type":"application"}
2017-11-08 22:22:35,741 INFO 8919 [egg-schedule]: register schedule /Users/pftom/Projects/Node/egg-example2/node_modules/egg-logrotator/app/schedule/clean_log.js
2017-11-08 22:22:35,741 INFO 8919 [egg-schedule]: register schedule /Users/pftom/Projects/Node/egg-example2/node_modules/egg-logrotator/app/schedule/rotate_by_file.js
2017-11-08 22:22:35,804 INFO 8919 [egg-static] starting static serve /public/ -> /Users/pftom/Projects/Node/egg-example2/app/public
2017-11-08 22:22:35,807 INFO 8919 [egg-security] use methodnoallow middleware
2017-11-08 22:22:35,808 INFO 8919 [egg-security] use noopen middleware
2017-11-08 22:22:35,808 INFO 8919 [egg-security] use nosniff middleware
2017-11-08 22:22:35,809 INFO 8919 [egg-security] use xssProtection middleware
2017-11-08 22:22:35,809 INFO 8919 [egg-security] use xframe middleware
2017-11-08 22:22:35,810 INFO 8919 [egg-security] use dta middleware
2017-11-08 22:22:35,810 INFO 8919 [egg-security] compose 6 middlewares into one security middleware
2017-11-08 22:22:35,857 INFO 8919 [egg-watcher:app] watcher start success
2017-11-08 22:24:22,516 INFO 8947 [egg:logger] init all loggers with options: {"dir":"/Users/pftom/Projects/Node/egg-example2/logs/egg-example2","encoding":"utf8","env":"local","level":"INFO","consoleLevel":"INFO","disableConsoleAfterReady":false,"outputJSON":false,"buffer":true,"appLogName":"egg-example2-web.log","coreLogName":"egg-web.log","agentLogName":"egg-agent.log","errorLogName":"common-error.log","coreLogger":{"consoleLevel":"WARN"},"allowDebugAtProd":true,"type":"application"}
2017-11-08 22:24:22,551 INFO 8947 [egg-schedule]: register schedule /Users/pftom/Projects/Node/egg-example2/node_modules/egg-logrotator/app/schedule/clean_log.js
2017-11-08 22:24:22,551 INFO 8947 [egg-schedule]: register schedule /Users/pftom/Projects/Node/egg-example2/node_modules/egg-logrotator/app/schedule/rotate_by_file.js
2017-11-08 22:24:22,603 INFO 8947 [egg-static] starting static serve /public/ -> /Users/pftom/Projects/Node/egg-example2/app/public
2017-11-08 22:24:22,606 INFO 8947 [egg-security] use methodnoallow middleware
2017-11-08 22:24:22,606 INFO 8947 [egg-security] use noopen middleware
2017-11-08 22:24:22,607 INFO 8947 [egg-security] use nosniff middleware
2017-11-08 22:24:22,608 INFO 8947 [egg-security] use xssProtection middleware
2017-11-08 22:24:22,609 INFO 8947 [egg-security] use xframe middleware
2017-11-08 22:24:22,610 INFO 8947 [egg-security] use dta middleware
2017-11-08 22:24:22,610 INFO 8947 [egg-security] compose 6 middlewares into one security middleware
2017-11-08 22:24:22,654 INFO 8947 [egg-watcher:app] watcher start success
2017-11-08 22:29:30,691 INFO 8960 [egg:logger] init all loggers with options: {"dir":"/Users/pftom/Projects/Node/egg-example2/logs/egg-example2","encoding":"utf8","env":"local","level":"INFO","consoleLevel":"INFO","disableConsoleAfterReady":false,"outputJSON":false,"buffer":true,"appLogName":"egg-example2-web.log","coreLogName":"egg-web.log","agentLogName":"egg-agent.log","errorLogName":"common-error.log","coreLogger":{"consoleLevel":"WARN"},"allowDebugAtProd":true,"type":"application"}
2017-11-08 22:29:30,722 INFO 8960 [egg-schedule]: register schedule /Users/pftom/Projects/Node/egg-example2/node_modules/egg-logrotator/app/schedule/clean_log.js
2017-11-08 22:29:30,722 INFO 8960 [egg-schedule]: register schedule /Users/pftom/Projects/Node/egg-example2/node_modules/egg-logrotator/app/schedule/rotate_by_file.js
2017-11-08 22:29:30,764 INFO 8960 [egg-static] starting static serve /public/ -> /Users/pftom/Projects/Node/egg-example2/app/public
2017-11-08 22:29:30,767 INFO 8960 [egg-security] use methodnoallow middleware
2017-11-08 22:29:30,768 INFO 8960 [egg-security] use noopen middleware
2017-11-08 22:29:30,768 INFO 8960 [egg-security] use nosniff middleware
2017-11-08 22:29:30,769 INFO 8960 [egg-security] use xssProtection middleware
2017-11-08 22:29:30,769 INFO 8960 [egg-security] use xframe middleware
2017-11-08 22:29:30,770 INFO 8960 [egg-security] use dta middleware
2017-11-08 22:29:30,770 INFO 8960 [egg-security] compose 6 middlewares into one security middleware
2017-11-08 22:29:30,801 INFO 8960 [egg-watcher:app] watcher start success
2017-11-08 22:30:28,192 INFO 8962 [egg:logger] init all loggers with options: {"dir":"/Users/pftom/Projects/Node/egg-example2/logs/egg-example2","encoding":"utf8","env":"local","level":"INFO","consoleLevel":"INFO","disableConsoleAfterReady":false,"outputJSON":false,"buffer":true,"appLogName":"egg-example2-web.log","coreLogName":"egg-web.log","agentLogName":"egg-agent.log","errorLogName":"common-error.log","coreLogger":{"consoleLevel":"WARN"},"allowDebugAtProd":true,"type":"application"}
2017-11-08 22:30:28,221 INFO 8962 [egg-schedule]: register schedule /Users/pftom/Projects/Node/egg-example2/node_modules/egg-logrotator/app/schedule/clean_log.js
2017-11-08 22:30:28,221 INFO 8962 [egg-schedule]: register schedule /Users/pftom/Projects/Node/egg-example2/node_modules/egg-logrotator/app/schedule/rotate_by_file.js
2017-11-08 22:30:28,260 INFO 8962 [egg-static] starting static serve /public/ -> /Users/pftom/Projects/Node/egg-example2/app/public
2017-11-08 22:30:28,263 INFO 8962 [egg-security] use methodnoallow middleware
2017-11-08 22:30:28,263 INFO 8962 [egg-security] use noopen middleware
2017-11-08 22:30:28,264 INFO 8962 [egg-security] use nosniff middleware
2017-11-08 22:30:28,264 INFO 8962 [egg-security] use xssProtection middleware
2017-11-08 22:30:28,265 INFO 8962 [egg-security] use xframe middleware
2017-11-08 22:30:28,265 INFO 8962 [egg-security] use dta middleware
2017-11-08 22:30:28,265 INFO 8962 [egg-security] compose 6 middlewares into one security middleware
2017-11-08 22:30:28,291 INFO 8962 [egg-watcher:app] watcher start success
2017-11-08 22:32:27,324 INFO 8967 [egg:logger] init all loggers with options: {"dir":"/Users/pftom/Projects/Node/egg-example2/logs/egg-example2","encoding":"utf8","env":"local","level":"INFO","consoleLevel":"INFO","disableConsoleAfterReady":false,"outputJSON":false,"buffer":true,"appLogName":"egg-example2-web.log","coreLogName":"egg-web.log","agentLogName":"egg-agent.log","errorLogName":"common-error.log","coreLogger":{"consoleLevel":"WARN"},"allowDebugAtProd":true,"type":"application"}
2017-11-08 22:32:27,347 INFO 8967 [egg-schedule]: register schedule /Users/pftom/Projects/Node/egg-example2/node_modules/egg-logrotator/app/schedule/clean_log.js
2017-11-08 22:32:27,347 INFO 8967 [egg-schedule]: register schedule /Users/pftom/Projects/Node/egg-example2/node_modules/egg-logrotator/app/schedule/rotate_by_file.js
2017-11-08 22:32:27,382 INFO 8967 [egg-static] starting static serve /public/ -> /Users/pftom/Projects/Node/egg-example2/app/public
2017-11-08 22:32:27,385 INFO 8967 [egg-security] use methodnoallow middleware
2017-11-08 22:32:27,385 INFO 8967 [egg-security] use noopen middleware
2017-11-08 22:32:27,385 INFO 8967 [egg-security] use nosniff middleware
2017-11-08 22:32:27,386 INFO 8967 [egg-security] use xssProtection middleware
2017-11-08 22:32:27,386 INFO 8967 [egg-security] use xframe middleware
2017-11-08 22:32:27,387 INFO 8967 [egg-security] use dta middleware
2017-11-08 22:32:27,387 INFO 8967 [egg-security] compose 6 middlewares into one security middleware
2017-11-08 22:32:27,414 INFO 8967 [egg-watcher:app] watcher start success
